0 info it worked if it ends with ok
1 verbose cli [ 'node', '/usr/local/bin/npm', 'install', 'less' ]
2 info using npm@2.0.0-alpha-5
3 info using node@v0.10.30
4 verbose node symlink /usr/local/bin/node
5 verbose cache add [ 'less', null ]
6 verbose cache add spec="less" args=["less",null]
7 verbose cache add local package /Volumes/Untitled Favorite/html/less
8 silly lockFile 0b439cf4-less less
9 verbose lock less /Users/lukas/.npm/0b439cf4-less.lock
10 silly lockFile 0b439cf4-less less
11 silly lockFile 0b439cf4-less less
12 error addLocal Could not install less
13 error Error: ENOENT, open 'less/package.json'
14 error If you need help, you may report this *entire* log,
14 error including the npm and node versions, at:
14 error     <http://github.com/npm/npm/issues>
15 error System Darwin 14.0.0
16 error command "node" "/usr/local/bin/npm" "install" "less"
17 error cwd /Volumes/Untitled Favorite/html
18 error node -v v0.10.30
19 error npm -v 2.0.0-alpha-5
20 error path less/package.json
21 error code ENOENT
22 error errno 34
23 verbose exit [ 34, true ]
